{"C:\\Users\\Meghna\\OneDrive\\Desktop\\CaseStudy\\poms-node-mongoose\\Purchase Order Management System\\Purchase Order Management System\\SupplierSystem\\app.js": {"path":"C:\\Users\\Meghna\\OneDrive\\Desktop\\CaseStudy\\poms-node-mongoose\\Purchase Order Management System\\Purchase Order Management System\\SupplierSystem\\app.js","statementMap":{"0":{"start":{"line":1,"column":14},"end":{"line":1,"column":32}},"1":{"start":{"line":2,"column":15},"end":{"line":2,"column":34}},"2":{"start":{"line":3,"column":13},"end":{"line":3,"column":30}},"3":{"start":{"line":4,"column":13},"end":{"line":4,"column":31}},"4":{"start":{"line":5,"column":0},"end":{"line":5,"column":20}},"5":{"start":{"line":10,"column":10},"end":{"line":10,"column":19}},"6":{"start":{"line":12,"column":13},"end":{"line":12,"column":17}},"7":{"start":{"line":18,"column":20},"end":{"line":18,"column":76}},"8":{"start":{"line":23,"column":0},"end":{"line":23,"column":17}},"9":{"start":{"line":24,"column":0},"end":{"line":24,"column":43}},"10":{"start":{"line":27,"column":0},"end":{"line":27,"column":24}},"11":{"start":{"line":31,"column":0},"end":{"line":31,"column":40}},"12":{"start":{"line":36,"column":0},"end":{"line":36,"column":19}}},"fnMap":{},"branchMap":{},"s":{"0":1,"1":1,"2":1,"3":1,"4":1,"5":1,"6":1,"7":1,"8":1,"9":1,"10":1,"11":1,"12":1},"f":{},"b":{},"_coverageSchema":"1a1c01bbd47fc00a2c39e90264f33305004495a9","hash":"56ac49b9ed48ab319dc107b60a6682a43e1bbd4a"}
,"C:\\Users\\Meghna\\OneDrive\\Desktop\\CaseStudy\\poms-node-mongoose\\Purchase Order Management System\\Purchase Order Management System\\SupplierSystem\\src\\Config\\DbConfig.js": {"path":"C:\\Users\\Meghna\\OneDrive\\Desktop\\CaseStudy\\poms-node-mongoose\\Purchase Order Management System\\Purchase Order Management System\\SupplierSystem\\src\\Config\\DbConfig.js","statementMap":{"0":{"start":{"line":4,"column":0},"end":{"line":12,"column":1}},"1":{"start":{"line":10,"column":8},"end":{"line":10,"column":101}}},"fnMap":{"0":{"name":"(anonymous_0)","decl":{"start":{"line":5,"column":20},"end":{"line":5,"column":21}},"loc":{"start":{"line":6,"column":4},"end":{"line":11,"column":5}},"line":6}},"branchMap":{},"s":{"0":1,"1":1},"f":{"0":1},"b":{},"_coverageSchema":"1a1c01bbd47fc00a2c39e90264f33305004495a9","hash":"a50f8369a1046ee17bbfe94d3707a287aa472d55"}
,"C:\\Users\\Meghna\\OneDrive\\Desktop\\CaseStudy\\poms-node-mongoose\\Purchase Order Management System\\Purchase Order Management System\\SupplierSystem\\src\\Handler\\SupplierHandler.js": {"path":"C:\\Users\\Meghna\\OneDrive\\Desktop\\CaseStudy\\poms-node-mongoose\\Purchase Order Management System\\Purchase Order Management System\\SupplierSystem\\src\\Handler\\SupplierHandler.js","statementMap":{"0":{"start":{"line":1,"column":14},"end":{"line":1,"column":32}},"1":{"start":{"line":6,"column":13},"end":{"line":6,"column":29}},"2":{"start":{"line":8,"column":14},"end":{"line":8,"column":51}},"3":{"start":{"line":17,"column":0},"end":{"line":17,"column":53}},"4":{"start":{"line":23,"column":0},"end":{"line":23,"column":54}},"5":{"start":{"line":28,"column":0},"end":{"line":28,"column":57}},"6":{"start":{"line":33,"column":0},"end":{"line":33,"column":61}},"7":{"start":{"line":38,"column":1},"end":{"line":38,"column":62}},"8":{"start":{"line":44,"column":1},"end":{"line":44,"column":64}},"9":{"start":{"line":50,"column":0},"end":{"line":50,"column":65}},"10":{"start":{"line":55,"column":1},"end":{"line":55,"column":45}},"11":{"start":{"line":60,"column":0},"end":{"line":60,"column":22}}},"fnMap":{},"branchMap":{},"s":{"0":1,"1":1,"2":1,"3":1,"4":1,"5":1,"6":1,"7":1,"8":1,"9":1,"10":1,"11":1},"f":{},"b":{},"_coverageSchema":"1a1c01bbd47fc00a2c39e90264f33305004495a9","hash":"af179a7e603a0667b01da6c2fbf0d39b27293dae"}
,"C:\\Users\\Meghna\\OneDrive\\Desktop\\CaseStudy\\poms-node-mongoose\\Purchase Order Management System\\Purchase Order Management System\\SupplierSystem\\src\\Model\\SupplierModel.js": {"path":"C:\\Users\\Meghna\\OneDrive\\Desktop\\CaseStudy\\poms-node-mongoose\\Purchase Order Management System\\Purchase Order Management System\\SupplierSystem\\src\\Model\\SupplierModel.js","statementMap":{"0":{"start":{"line":1,"column":15},"end":{"line":1,"column":34}},"1":{"start":{"line":2,"column":13},"end":{"line":2,"column":42}},"2":{"start":{"line":4,"column":13},"end":{"line":4,"column":30}},"3":{"start":{"line":5,"column":13},"end":{"line":5,"column":31}},"4":{"start":{"line":6,"column":0},"end":{"line":6,"column":20}},"5":{"start":{"line":11,"column":13},"end":{"line":58,"column":1}},"6":{"start":{"line":63,"column":10},"end":{"line":63,"column":34}},"7":{"start":{"line":65,"column":0},"end":{"line":68,"column":3}},"8":{"start":{"line":73,"column":10},"end":{"line":73,"column":29}},"9":{"start":{"line":75,"column":0},"end":{"line":75,"column":53}},"10":{"start":{"line":80,"column":0},"end":{"line":80,"column":54}}},"fnMap":{},"branchMap":{},"s":{"0":1,"1":1,"2":1,"3":1,"4":1,"5":1,"6":1,"7":1,"8":1,"9":1,"10":1},"f":{},"b":{},"_coverageSchema":"1a1c01bbd47fc00a2c39e90264f33305004495a9","hash":"e91ccccd4d62acac433107c1b4fb1e43a13837d7"}
,"C:\\Users\\Meghna\\OneDrive\\Desktop\\CaseStudy\\poms-node-mongoose\\Purchase Order Management System\\Purchase Order Management System\\SupplierSystem\\src\\Service\\SupplierService.js": {"path":"C:\\Users\\Meghna\\OneDrive\\Desktop\\CaseStudy\\poms-node-mongoose\\Purchase Order Management System\\Purchase Order Management System\\SupplierSystem\\src\\Service\\SupplierService.js","statementMap":{"0":{"start":{"line":1,"column":14},"end":{"line":1,"column":47}},"1":{"start":{"line":2,"column":13},"end":{"line":2,"column":30}},"2":{"start":{"line":3,"column":13},"end":{"line":3,"column":31}},"3":{"start":{"line":4,"column":0},"end":{"line":4,"column":20}},"4":{"start":{"line":13,"column":0},"end":{"line":30,"column":1}},"5":{"start":{"line":14,"column":4},"end":{"line":28,"column":5}},"6":{"start":{"line":15,"column":19},"end":{"line":15,"column":39}},"7":{"start":{"line":16,"column":8},"end":{"line":23,"column":9}},"8":{"start":{"line":17,"column":12},"end":{"line":17,"column":51}},"9":{"start":{"line":18,"column":12},"end":{"line":18,"column":42}},"10":{"start":{"line":21,"column":8},"end":{"line":21,"column":23}},"11":{"start":{"line":22,"column":8},"end":{"line":22,"column":72}},"12":{"start":{"line":27,"column":6},"end":{"line":27,"column":16}},"13":{"start":{"line":39,"column":0},"end":{"line":74,"column":1}},"14":{"start":{"line":43,"column":23},"end":{"line":56,"column":6}},"15":{"start":{"line":57,"column":4},"end":{"line":73,"column":5}},"16":{"start":{"line":59,"column":28},"end":{"line":59,"column":62}},"17":{"start":{"line":60,"column":8},"end":{"line":62,"column":80}},"18":{"start":{"line":63,"column":8},"end":{"line":63,"column":79}},"19":{"start":{"line":68,"column":8},"end":{"line":68,"column":75}},"20":{"start":{"line":69,"column":8},"end":{"line":69,"column":18}},"21":{"start":{"line":70,"column":8},"end":{"line":72,"column":56}},"22":{"start":{"line":84,"column":0},"end":{"line":101,"column":1}},"23":{"start":{"line":85,"column":4},"end":{"line":100,"column":5}},"24":{"start":{"line":86,"column":19},"end":{"line":86,"column":56}},"25":{"start":{"line":88,"column":2},"end":{"line":95,"column":6}},"26":{"start":{"line":89,"column":6},"end":{"line":89,"column":70}},"27":{"start":{"line":90,"column":6},"end":{"line":90,"column":61}},"28":{"start":{"line":93,"column":6},"end":{"line":93,"column":21}},"29":{"start":{"line":94,"column":6},"end":{"line":94,"column":67}},"30":{"start":{"line":99,"column":4},"end":{"line":99,"column":14}},"31":{"start":{"line":111,"column":0},"end":{"line":129,"column":1}},"32":{"start":{"line":112,"column":4},"end":{"line":128,"column":6}},"33":{"start":{"line":113,"column":19},"end":{"line":113,"column":72}},"34":{"start":{"line":115,"column":8},"end":{"line":123,"column":9}},"35":{"start":{"line":116,"column":12},"end":{"line":116,"column":62}},"36":{"start":{"line":117,"column":12},"end":{"line":117,"column":53}},"37":{"start":{"line":121,"column":8},"end":{"line":121,"column":23}},"38":{"start":{"line":122,"column":8},"end":{"line":122,"column":75}},"39":{"start":{"line":127,"column":10},"end":{"line":127,"column":20}},"40":{"start":{"line":139,"column":1},"end":{"line":157,"column":1}},"41":{"start":{"line":140,"column":4},"end":{"line":156,"column":5}},"42":{"start":{"line":141,"column":19},"end":{"line":141,"column":72}},"43":{"start":{"line":143,"column":8},"end":{"line":151,"column":11}},"44":{"start":{"line":144,"column":12},"end":{"line":144,"column":62}},"45":{"start":{"line":145,"column":12},"end":{"line":145,"column":53}},"46":{"start":{"line":149,"column":8},"end":{"line":149,"column":23}},"47":{"start":{"line":150,"column":8},"end":{"line":150,"column":75}},"48":{"start":{"line":155,"column":8},"end":{"line":155,"column":18}},"49":{"start":{"line":167,"column":1},"end":{"line":185,"column":1}},"50":{"start":{"line":168,"column":4},"end":{"line":184,"column":5}},"51":{"start":{"line":169,"column":19},"end":{"line":169,"column":88}},"52":{"start":{"line":171,"column":8},"end":{"line":179,"column":9}},"53":{"start":{"line":172,"column":12},"end":{"line":172,"column":68}},"54":{"start":{"line":173,"column":12},"end":{"line":173,"column":59}},"55":{"start":{"line":177,"column":8},"end":{"line":177,"column":23}},"56":{"start":{"line":178,"column":8},"end":{"line":178,"column":92}},"57":{"start":{"line":183,"column":8},"end":{"line":183,"column":18}},"58":{"start":{"line":195,"column":1},"end":{"line":212,"column":2}},"59":{"start":{"line":197,"column":4},"end":{"line":211,"column":18}},"60":{"start":{"line":198,"column":20},"end":{"line":198,"column":86}},"61":{"start":{"line":199,"column":8},"end":{"line":207,"column":9}},"62":{"start":{"line":200,"column":12},"end":{"line":200,"column":90}},"63":{"start":{"line":201,"column":12},"end":{"line":201,"column":81}},"64":{"start":{"line":205,"column":8},"end":{"line":205,"column":23}},"65":{"start":{"line":206,"column":8},"end":{"line":206,"column":75}},"66":{"start":{"line":211,"column":7},"end":{"line":211,"column":17}},"67":{"start":{"line":222,"column":0},"end":{"line":243,"column":1}},"68":{"start":{"line":224,"column":4},"end":{"line":242,"column":5}},"69":{"start":{"line":226,"column":20},"end":{"line":226,"column":66}},"70":{"start":{"line":227,"column":8},"end":{"line":237,"column":9}},"71":{"start":{"line":228,"column":9},"end":{"line":228,"column":51}},"72":{"start":{"line":229,"column":9},"end":{"line":229,"column":42}},"73":{"start":{"line":233,"column":12},"end":{"line":235,"column":78}},"74":{"start":{"line":236,"column":12},"end":{"line":236,"column":75}},"75":{"start":{"line":241,"column":9},"end":{"line":241,"column":19}}},"fnMap":{"0":{"name":"(anonymous_0)","decl":{"start":{"line":13,"column":27},"end":{"line":13,"column":28}},"loc":{"start":{"line":13,"column":56},"end":{"line":30,"column":1}},"line":13},"1":{"name":"(anonymous_1)","decl":{"start":{"line":39,"column":27},"end":{"line":39,"column":28}},"loc":{"start":{"line":39,"column":56},"end":{"line":74,"column":1}},"line":39},"2":{"name":"(anonymous_2)","decl":{"start":{"line":84,"column":23},"end":{"line":84,"column":24}},"loc":{"start":{"line":84,"column":52},"end":{"line":101,"column":1}},"line":84},"3":{"name":"(anonymous_3)","decl":{"start":{"line":111,"column":27},"end":{"line":111,"column":28}},"loc":{"start":{"line":111,"column":56},"end":{"line":129,"column":1}},"line":111},"4":{"name":"(anonymous_4)","decl":{"start":{"line":139,"column":29},"end":{"line":139,"column":30}},"loc":{"start":{"line":139,"column":58},"end":{"line":157,"column":1}},"line":139},"5":{"name":"(anonymous_5)","decl":{"start":{"line":167,"column":30},"end":{"line":167,"column":31}},"loc":{"start":{"line":167,"column":59},"end":{"line":185,"column":1}},"line":167},"6":{"name":"(anonymous_6)","decl":{"start":{"line":195,"column":29},"end":{"line":195,"column":30}},"loc":{"start":{"line":195,"column":58},"end":{"line":212,"column":1}},"line":195},"7":{"name":"(anonymous_7)","decl":{"start":{"line":222,"column":15},"end":{"line":222,"column":16}},"loc":{"start":{"line":222,"column":43},"end":{"line":243,"column":1}},"line":222}},"branchMap":{"0":{"loc":{"start":{"line":16,"column":8},"end":{"line":23,"column":9}},"type":"if","locations":[{"start":{"line":16,"column":8},"end":{"line":23,"column":9}},{"start":{"line":16,"column":8},"end":{"line":23,"column":9}}],"line":16},"1":{"loc":{"start":{"line":88,"column":2},"end":{"line":95,"column":6}},"type":"if","locations":[{"start":{"line":88,"column":2},"end":{"line":95,"column":6}},{"start":{"line":88,"column":2},"end":{"line":95,"column":6}}],"line":88},"2":{"loc":{"start":{"line":115,"column":8},"end":{"line":123,"column":9}},"type":"if","locations":[{"start":{"line":115,"column":8},"end":{"line":123,"column":9}},{"start":{"line":115,"column":8},"end":{"line":123,"column":9}}],"line":115},"3":{"loc":{"start":{"line":143,"column":8},"end":{"line":151,"column":11}},"type":"if","locations":[{"start":{"line":143,"column":8},"end":{"line":151,"column":11}},{"start":{"line":143,"column":8},"end":{"line":151,"column":11}}],"line":143},"4":{"loc":{"start":{"line":171,"column":8},"end":{"line":179,"column":9}},"type":"if","locations":[{"start":{"line":171,"column":8},"end":{"line":179,"column":9}},{"start":{"line":171,"column":8},"end":{"line":179,"column":9}}],"line":171},"5":{"loc":{"start":{"line":199,"column":8},"end":{"line":207,"column":9}},"type":"if","locations":[{"start":{"line":199,"column":8},"end":{"line":207,"column":9}},{"start":{"line":199,"column":8},"end":{"line":207,"column":9}}],"line":199},"6":{"loc":{"start":{"line":227,"column":8},"end":{"line":237,"column":9}},"type":"if","locations":[{"start":{"line":227,"column":8},"end":{"line":237,"column":9}},{"start":{"line":227,"column":8},"end":{"line":237,"column":9}}],"line":227}},"s":{"0":1,"1":1,"2":1,"3":1,"4":1,"5":7,"6":7,"7":3,"8":2,"9":2,"10":1,"11":1,"12":4,"13":1,"14":3,"15":3,"16":3,"17":2,"18":2,"19":1,"20":1,"21":1,"22":1,"23":4,"24":4,"25":3,"26":2,"27":2,"28":1,"29":1,"30":1,"31":1,"32":3,"33":3,"34":2,"35":1,"36":1,"37":1,"38":1,"39":1,"40":1,"41":3,"42":3,"43":2,"44":1,"45":1,"46":1,"47":1,"48":1,"49":1,"50":3,"51":3,"52":2,"53":1,"54":1,"55":1,"56":1,"57":1,"58":1,"59":4,"60":4,"61":3,"62":2,"63":2,"64":1,"65":1,"66":1,"67":1,"68":4,"69":4,"70":3,"71":2,"72":2,"73":1,"74":1,"75":1},"f":{"0":7,"1":3,"2":4,"3":3,"4":3,"5":3,"6":4,"7":4},"b":{"0":[2,1],"1":[2,1],"2":[1,1],"3":[1,1],"4":[1,1],"5":[2,1],"6":[2,1]},"_coverageSchema":"1a1c01bbd47fc00a2c39e90264f33305004495a9","hash":"e1f365088afb8e827513f82503cd66ddb16ba2e8"}
}
