TN:
SF:app.js
FNF:0
FNH:0
DA:1,1
DA:2,1
DA:3,1
DA:4,1
DA:5,1
DA:10,1
DA:12,1
DA:18,1
DA:23,1
DA:24,1
DA:27,1
DA:31,1
DA:36,1
LF:13
LH:13
BRF:0
BRH:0
end_of_record
TN:
SF:src\Config\DbConfig.js
FN:5,(anonymous_0)
FNF:1
FNH:1
FNDA:1,(anonymous_0)
DA:4,1
DA:10,1
LF:2
LH:2
BRF:0
BRH:0
end_of_record
TN:
SF:src\Handler\SupplierHandler.js
FNF:0
FNH:0
DA:1,1
DA:6,1
DA:8,1
DA:17,1
DA:23,1
DA:28,1
DA:33,1
DA:38,1
DA:44,1
DA:50,1
DA:55,1
DA:60,1
LF:12
LH:12
BRF:0
BRH:0
end_of_record
TN:
SF:src\Model\SupplierModel.js
FNF:0
FNH:0
DA:1,1
DA:2,1
DA:4,1
DA:5,1
DA:6,1
DA:11,1
DA:63,1
DA:65,1
DA:73,1
DA:75,1
DA:80,1
LF:11
LH:11
BRF:0
BRH:0
end_of_record
TN:
SF:src\Service\SupplierService.js
FN:13,(anonymous_0)
FN:39,(anonymous_1)
FN:84,(anonymous_2)
FN:111,(anonymous_3)
FN:139,(anonymous_4)
FN:167,(anonymous_5)
FN:195,(anonymous_6)
FN:222,(anonymous_7)
FNF:8
FNH:8
FNDA:7,(anonymous_0)
FNDA:3,(anonymous_1)
FNDA:4,(anonymous_2)
FNDA:3,(anonymous_3)
FNDA:3,(anonymous_4)
FNDA:3,(anonymous_5)
FNDA:4,(anonymous_6)
FNDA:4,(anonymous_7)
DA:1,1
DA:2,1
DA:3,1
DA:4,1
DA:13,1
DA:14,7
DA:15,7
DA:16,3
DA:17,2
DA:18,2
DA:21,1
DA:22,1
DA:27,4
DA:39,1
DA:43,3
DA:57,3
DA:59,3
DA:60,2
DA:63,2
DA:68,1
DA:69,1
DA:70,1
DA:84,1
DA:85,4
DA:86,4
DA:88,3
DA:89,2
DA:90,2
DA:93,1
DA:94,1
DA:99,1
DA:111,1
DA:112,3
DA:113,3
DA:115,2
DA:116,1
DA:117,1
DA:121,1
DA:122,1
DA:127,1
DA:139,1
DA:140,3
DA:141,3
DA:143,2
DA:144,1
DA:145,1
DA:149,1
DA:150,1
DA:155,1
DA:167,1
DA:168,3
DA:169,3
DA:171,2
DA:172,1
DA:173,1
DA:177,1
DA:178,1
DA:183,1
DA:195,1
DA:197,4
DA:198,4
DA:199,3
DA:200,2
DA:201,2
DA:205,1
DA:206,1
DA:211,1
DA:222,1
DA:224,4
DA:226,4
DA:227,3
DA:228,2
DA:229,2
DA:233,1
DA:236,1
DA:241,1
LF:76
LH:76
BRDA:16,0,0,2
BRDA:16,0,1,1
BRDA:88,1,0,2
BRDA:88,1,1,1
BRDA:115,2,0,1
BRDA:115,2,1,1
BRDA:143,3,0,1
BRDA:143,3,1,1
BRDA:171,4,0,1
BRDA:171,4,1,1
BRDA:199,5,0,2
BRDA:199,5,1,1
BRDA:227,6,0,2
BRDA:227,6,1,1
BRF:14
BRH:14
end_of_record
